<?xml version="1.0" encoding="UTF-8"?>
<testng-results skipped="0" failed="0" ignored="0" total="1" passed="1">
  <reporter-output>
  </reporter-output>
  <suite name="Default suite" duration-ms="85090" started-at="2021-09-18T18:03:32 IST" finished-at="2021-09-18T18:04:57 IST">
    <groups>
    </groups>
    <test name="Default test" duration-ms="85090" started-at="2021-09-18T18:03:32 IST" finished-at="2021-09-18T18:04:57 IST">
      <class name="SeleniumOperations.SeleniumOperations.tableDemo">
        <test-method status="PASS" signature="setup()[pri:0, instance:SeleniumOperations.SeleniumOperations.tableDemo@27a5f880]" name="setup" is-config="true" duration-ms="47379" started-at="2021-09-18T18:03:32 IST" finished-at="2021-09-18T18:04:20 IST">
          <reporter-output>
          </reporter-output>
        </test-method> <!-- setup -->
        <test-method status="PASS" signature="tableTravserse()[pri:0, instance:SeleniumOperations.SeleniumOperations.tableDemo@27a5f880]" name="tableTravserse" duration-ms="35648" started-at="2021-09-18T18:04:20 IST" finished-at="2021-09-18T18:04:55 IST">
          <reporter-output>
          </reporter-output>
        </test-method> <!-- tableTravserse -->
        <test-method status="PASS" signature="tearDown()[pri:0, instance:SeleniumOperations.SeleniumOperations.tableDemo@27a5f880]" name="tearDown" is-config="true" duration-ms="1985" started-at="2021-09-18T18:04:55 IST" finished-at="2021-09-18T18:04:57 IST">
          <reporter-output>
          </reporter-output>
        </test-method> <!-- tearDown -->
      </class> <!-- SeleniumOperations.SeleniumOperations.tableDemo -->
    </test> <!-- Default test -->
  </suite> <!-- Default suite -->
</testng-results>
